
*** Running vivado
    with args -log design_1_lowlevel_dac_intfc_0_0.vds -m64 -product Vivado -mode batch -messageDb vivado.pb -notrace -source design_1_lowlevel_dac_intfc_0_0.tcl



****** Vivado v2023.2 (64-bit)
  **** SW Build 4029153 on Fri Oct 13 20:14:34 MDT 2023
  **** IP Build 4028589 on Sat Oct 14 00:45:43 MDT 2023
  **** SharedData Build 4025554 on Tue Oct 10 17:18:54 MDT 2023
    ** Copyright 1986-2022 Xilinx, Inc. All Rights Reserved.
    ** Copyright 2022-2023 Advanced Micro Devices, Inc. All Rights Reserved.

source design_1_lowlevel_dac_intfc_0_0.tcl -notrace
create_project: Time (s): cpu = 00:00:04 ; elapsed = 00:00:06 . Memory (MB): peak = 600.770 ; gain = 216.570
INFO: [IP_Flow 19-234] Refreshing IP repositories
INFO: [IP_Flow 19-1700] Loaded user IP repository 'c:/Users/Sophia/Documents/EN742/lab7/proj_repo/ip_repo'.
INFO: [IP_Flow 19-2313] Loaded Vivado IP repository 'C:/Xilinx/Vivado/2023.2/data/ip'.
INFO: [IP_Flow 19-6924] IPCACHE: Running cache check for IP inst: design_1_lowlevel_dac_intfc_0_0
Command: synth_design -top design_1_lowlevel_dac_intfc_0_0 -part xc7z020clg400-1 -incremental_mode off -mode out_of_context
Starting synth_design
Attempting to get a license for feature 'Synthesis' and/or device 'xc7z020'
INFO: [Common 17-349] Got license for feature 'Synthesis' and/or device 'xc7z020'
INFO: [Device 21-403] Loading part xc7z020clg400-1
INFO: [Synth 8-7079] Multithreading enabled for synth_design using a maximum of 2 processes.
INFO: [Synth 8-7078] Launching helper process for spawning children vivado processes
INFO: [Synth 8-7075] Helper process launched with PID 4100
---------------------------------------------------------------------------------
Starting RTL Elaboration : Time (s): cpu = 00:00:02 ; elapsed = 00:00:04 . Memory (MB): peak = 1469.293 ; gain = 438.566
---------------------------------------------------------------------------------
INFO: [Synth 8-638] synthesizing module 'design_1_lowlevel_dac_intfc_0_0' [c:/Users/Sophia/Documents/EN742/lab7/proj_repo/vivado/radio_periph_lab.gen/sources_1/bd/design_1/ip/design_1_lowlevel_dac_intfc_0_0/synth/design_1_lowlevel_dac_intfc_0_0.vhd:70]
	Parameter channels bound to: 2 - type: integer 
INFO: [Synth 8-3491] module 'lowlevel_dac_intfc' declared at 'c:/Users/Sophia/Documents/EN742/lab7/proj_repo/vivado/radio_periph_lab.gen/sources_1/bd/design_1/ipshared/e8d1/src/low_level_dac_if.vhd:5' bound to instance 'U0' of component 'lowlevel_dac_intfc' [c:/Users/Sophia/Documents/EN742/lab7/proj_repo/vivado/radio_periph_lab.gen/sources_1/bd/design_1/ip/design_1_lowlevel_dac_intfc_0_0/synth/design_1_lowlevel_dac_intfc_0_0.vhd:106]
INFO: [Synth 8-638] synthesizing module 'lowlevel_dac_intfc' [c:/Users/Sophia/Documents/EN742/lab7/proj_repo/vivado/radio_periph_lab.gen/sources_1/bd/design_1/ipshared/e8d1/src/low_level_dac_if.vhd:21]
INFO: [Synth 8-638] synthesizing module 'clkdivider' [c:/Users/Sophia/Documents/EN742/lab7/proj_repo/vivado/radio_periph_lab.gen/sources_1/bd/design_1/ipshared/e8d1/src/clkdivider.vhd:18]
INFO: [Synth 8-256] done synthesizing module 'clkdivider' (0#1) [c:/Users/Sophia/Documents/EN742/lab7/proj_repo/vivado/radio_periph_lab.gen/sources_1/bd/design_1/ipshared/e8d1/src/clkdivider.vhd:18]
INFO: [Synth 8-638] synthesizing module 'clkdivider__parameterized0' [c:/Users/Sophia/Documents/EN742/lab7/proj_repo/vivado/radio_periph_lab.gen/sources_1/bd/design_1/ipshared/e8d1/src/clkdivider.vhd:18]
INFO: [Synth 8-256] done synthesizing module 'clkdivider__parameterized0' (0#1) [c:/Users/Sophia/Documents/EN742/lab7/proj_repo/vivado/radio_periph_lab.gen/sources_1/bd/design_1/ipshared/e8d1/src/clkdivider.vhd:18]
INFO: [Synth 8-256] done synthesizing module 'lowlevel_dac_intfc' (0#1) [c:/Users/Sophia/Documents/EN742/lab7/proj_repo/vivado/radio_periph_lab.gen/sources_1/bd/design_1/ipshared/e8d1/src/low_level_dac_if.vhd:21]
INFO: [Synth 8-256] done synthesizing module 'design_1_lowlevel_dac_intfc_0_0' (0#1) [c:/Users/Sophia/Documents/EN742/lab7/proj_repo/vivado/radio_periph_lab.gen/sources_1/bd/design_1/ip/design_1_lowlevel_dac_intfc_0_0/synth/design_1_lowlevel_dac_intfc_0_0.vhd:70]
WARNING: [Synth 8-7129] Port valid in module lowlevel_dac_intfc is either unconnected or has no load
---------------------------------------------------------------------------------
Finished RTL Elaboration : Time (s): cpu = 00:00:03 ; elapsed = 00:00:05 . Memory (MB): peak = 1581.527 ; gain = 550.801
---------------------------------------------------------------------------------
---------------------------------------------------------------------------------
Start Handling Custom Attributes
---------------------------------------------------------------------------------
---------------------------------------------------------------------------------
Finished Handling Custom Attributes : Time (s): cpu = 00:00:03 ; elapsed = 00:00:05 . Memory (MB): peak = 1581.527 ; gain = 550.801
---------------------------------------------------------------------------------
---------------------------------------------------------------------------------
Finished RTL Optimization Phase 1 : Time (s): cpu = 00:00:03 ; elapsed = 00:00:05 . Memory (MB): peak = 1581.527 ; gain = 550.801
---------------------------------------------------------------------------------
Netlist sorting complete. Time (s): cpu = 00:00:00 ; elapsed = 00:00:00.001 . Memory (MB): peak = 1581.527 ; gain = 0.000
INFO: [Project 1-570] Preparing netlist for logic optimization

Processing XDC Constraints
Initializing timing engine
Completed Processing XDC Constraints

Netlist sorting complete. Time (s): cpu = 00:00:00 ; elapsed = 00:00:00 . Memory (MB): peak = 1655.891 ; gain = 0.000
INFO: [Project 1-111] Unisim Transformation Summary:
No Unisim elements were transformed.

The system cannot find the path specified.
Constraint Validation Runtime : Time (s): cpu = 00:00:00 ; elapsed = 00:00:00.023 . Memory (MB): peak = 1655.922 ; gain = 0.031
INFO: [Designutils 20-5008] Incremental synthesis strategy off
---------------------------------------------------------------------------------
Finished Constraint Validation : Time (s): cpu = 00:00:05 ; elapsed = 00:00:10 . Memory (MB): peak = 1655.922 ; gain = 625.195
---------------------------------------------------------------------------------
---------------------------------------------------------------------------------
Start Loading Part and Timing Information
---------------------------------------------------------------------------------
Loading part: xc7z020clg400-1
---------------------------------------------------------------------------------
Finished Loading Part and Timing Information : Time (s): cpu = 00:00:05 ; elapsed = 00:00:10 . Memory (MB): peak = 1655.922 ; gain = 625.195
---------------------------------------------------------------------------------
---------------------------------------------------------------------------------
Start Applying 'set_property' XDC Constraints
---------------------------------------------------------------------------------
---------------------------------------------------------------------------------
Finished applying 'set_property' XDC Constraints : Time (s): cpu = 00:00:05 ; elapsed = 00:00:10 . Memory (MB): peak = 1655.922 ; gain = 625.195
---------------------------------------------------------------------------------
---------------------------------------------------------------------------------
Finished RTL Optimization Phase 2 : Time (s): cpu = 00:00:06 ; elapsed = 00:00:10 . Memory (MB): peak = 1655.922 ; gain = 625.195
---------------------------------------------------------------------------------
---------------------------------------------------------------------------------
Start RTL Component Statistics 
---------------------------------------------------------------------------------
Detailed RTL Component Info : 
+---Adders : 
	   2 Input    6 Bit       Adders := 1     
	   2 Input    5 Bit       Adders := 1     
	   2 Input    3 Bit       Adders := 1     
+---Registers : 
	               32 Bit    Registers := 1     
	                6 Bit    Registers := 1     
	                5 Bit    Registers := 1     
	                3 Bit    Registers := 1     
	                1 Bit    Registers := 4     
+---Muxes : 
	   2 Input   32 Bit        Muxes := 2     
	   2 Input    1 Bit        Muxes := 5     
	   4 Input    1 Bit        Muxes := 1     
---------------------------------------------------------------------------------
Finished RTL Component Statistics 
---------------------------------------------------------------------------------
---------------------------------------------------------------------------------
Start Part Resource Summary
---------------------------------------------------------------------------------
Part Resources:
DSPs: 220 (col length:60)
BRAMs: 280 (col length: RAMB18 60 RAMB36 30)
---------------------------------------------------------------------------------
Finished Part Resource Summary
---------------------------------------------------------------------------------
---------------------------------------------------------------------------------
Start Cross Boundary and Area Optimization
---------------------------------------------------------------------------------
WARNING: [Synth 8-7080] Parallel synthesis criteria is not met
WARNING: [Synth 8-7129] Port valid in module design_1_lowlevel_dac_intfc_0_0 is either unconnected or has no load
---------------------------------------------------------------------------------
Finished Cross Boundary and Area Optimization : Time (s): cpu = 00:00:06 ; elapsed = 00:00:12 . Memory (MB): peak = 1655.922 ; gain = 625.195
---------------------------------------------------------------------------------
---------------------------------------------------------------------------------
Start Applying XDC Timing Constraints
---------------------------------------------------------------------------------
---------------------------------------------------------------------------------
Finished Applying XDC Timing Constraints : Time (s): cpu = 00:00:08 ; elapsed = 00:00:15 . Memory (MB): peak = 1655.922 ; gain = 625.195
---------------------------------------------------------------------------------
---------------------------------------------------------------------------------
Start Timing Optimization
---------------------------------------------------------------------------------
---------------------------------------------------------------------------------
Finished Timing Optimization : Time (s): cpu = 00:00:08 ; elapsed = 00:00:15 . Memory (MB): peak = 1655.922 ; gain = 625.195
---------------------------------------------------------------------------------
---------------------------------------------------------------------------------
Start Technology Mapping
---------------------------------------------------------------------------------
---------------------------------------------------------------------------------
Finished Technology Mapping : Time (s): cpu = 00:00:08 ; elapsed = 00:00:15 . Memory (MB): peak = 1655.922 ; gain = 625.195
---------------------------------------------------------------------------------
---------------------------------------------------------------------------------
Start IO Insertion
---------------------------------------------------------------------------------
---------------------------------------------------------------------------------
Start Flattening Before IO Insertion
---------------------------------------------------------------------------------
---------------------------------------------------------------------------------
Finished Flattening Before IO Insertion
---------------------------------------------------------------------------------
---------------------------------------------------------------------------------
Start Final Netlist Cleanup
---------------------------------------------------------------------------------
---------------------------------------------------------------------------------
Finished Final Netlist Cleanup
---------------------------------------------------------------------------------
---------------------------------------------------------------------------------
Finished IO Insertion : Time (s): cpu = 00:00:10 ; elapsed = 00:00:18 . Memory (MB): peak = 1655.922 ; gain = 625.195
---------------------------------------------------------------------------------
---------------------------------------------------------------------------------
Start Renaming Generated Instances
---------------------------------------------------------------------------------
---------------------------------------------------------------------------------
Finished Renaming Generated Instances : Time (s): cpu = 00:00:10 ; elapsed = 00:00:18 . Memory (MB): peak = 1655.922 ; gain = 625.195
---------------------------------------------------------------------------------
---------------------------------------------------------------------------------
Start Rebuilding User Hierarchy
---------------------------------------------------------------------------------
---------------------------------------------------------------------------------
Finished Rebuilding User Hierarchy : Time (s): cpu = 00:00:10 ; elapsed = 00:00:18 . Memory (MB): peak = 1655.922 ; gain = 625.195
---------------------------------------------------------------------------------
---------------------------------------------------------------------------------
Start Renaming Generated Ports
---------------------------------------------------------------------------------
---------------------------------------------------------------------------------
Finished Renaming Generated Ports : Time (s): cpu = 00:00:10 ; elapsed = 00:00:18 . Memory (MB): peak = 1655.922 ; gain = 625.195
---------------------------------------------------------------------------------
---------------------------------------------------------------------------------
Start Handling Custom Attributes
---------------------------------------------------------------------------------
---------------------------------------------------------------------------------
Finished Handling Custom Attributes : Time (s): cpu = 00:00:10 ; elapsed = 00:00:18 . Memory (MB): peak = 1655.922 ; gain = 625.195
---------------------------------------------------------------------------------
---------------------------------------------------------------------------------
Start Renaming Generated Nets
---------------------------------------------------------------------------------
---------------------------------------------------------------------------------
Finished Renaming Generated Nets : Time (s): cpu = 00:00:10 ; elapsed = 00:00:18 . Memory (MB): peak = 1655.922 ; gain = 625.195
---------------------------------------------------------------------------------
---------------------------------------------------------------------------------
Start Writing Synthesis Report
---------------------------------------------------------------------------------

Report BlackBoxes: 
+-+--------------+----------+
| |BlackBox name |Instances |
+-+--------------+----------+
+-+--------------+----------+

Report Cell Usage: 
+------+-----+------+
|      |Cell |Count |
+------+-----+------+
|1     |LUT1 |     3|
|2     |LUT2 |     4|
|3     |LUT3 |    35|
|4     |LUT4 |     6|
|5     |LUT5 |     6|
|6     |LUT6 |     3|
|7     |FDRE |    50|
+------+-----+------+
---------------------------------------------------------------------------------
Finished Writing Synthesis Report : Time (s): cpu = 00:00:10 ; elapsed = 00:00:18 . Memory (MB): peak = 1655.922 ; gain = 625.195
---------------------------------------------------------------------------------
Synthesis finished with 0 errors, 0 critical warnings and 2 warnings.
Synthesis Optimization Runtime : Time (s): cpu = 00:00:07 ; elapsed = 00:00:17 . Memory (MB): peak = 1655.922 ; gain = 550.801
Synthesis Optimization Complete : Time (s): cpu = 00:00:10 ; elapsed = 00:00:18 . Memory (MB): peak = 1655.922 ; gain = 625.195
INFO: [Project 1-571] Translating synthesized netlist
Netlist sorting complete. Time (s): cpu = 00:00:00 ; elapsed = 00:00:00.001 . Memory (MB): peak = 1655.922 ; gain = 0.000
INFO: [Project 1-570] Preparing netlist for logic optimization
INFO: [Opt 31-138] Pushed 0 inverter(s) to 0 load pin(s).
Netlist sorting complete. Time (s): cpu = 00:00:00 ; elapsed = 00:00:00 . Memory (MB): peak = 1655.922 ; gain = 0.000
INFO: [Project 1-111] Unisim Transformation Summary:
No Unisim elements were transformed.

The system cannot find the path specified.
Synth Design complete | Checksum: ec0daf7e
INFO: [Common 17-83] Releasing license: Synthesis
26 Infos, 3 Warnings, 0 Critical Warnings and 0 Errors encountered.
synth_design completed successfully
synth_design: Time (s): cpu = 00:00:12 ; elapsed = 00:00:21 . Memory (MB): peak = 1655.922 ; gain = 1041.867
Write ShapeDB Complete: Time (s): cpu = 00:00:00 ; elapsed = 00:00:00.001 . Memory (MB): peak = 1655.922 ; gain = 0.000
INFO: [Common 17-1381] The checkpoint 'C:/Users/Sophia/Documents/EN742/lab7/proj_repo/vivado/radio_periph_lab.runs/design_1_lowlevel_dac_intfc_0_0_synth_1/design_1_lowlevel_dac_intfc_0_0.dcp' has been generated.
INFO: [Coretcl 2-1648] Added synthesis output to IP cache for IP design_1_lowlevel_dac_intfc_0_0, cache-ID = 9ca73bc3c2dfa2ec
INFO: [Coretcl 2-1174] Renamed 3 cell refs.
Write ShapeDB Complete: Time (s): cpu = 00:00:00 ; elapsed = 00:00:00 . Memory (MB): peak = 1655.922 ; gain = 0.000
INFO: [Common 17-1381] The checkpoint 'C:/Users/Sophia/Documents/EN742/lab7/proj_repo/vivado/radio_periph_lab.runs/design_1_lowlevel_dac_intfc_0_0_synth_1/design_1_lowlevel_dac_intfc_0_0.dcp' has been generated.
INFO: [runtcl-4] Executing : report_utilization -file design_1_lowlevel_dac_intfc_0_0_utilization_synth.rpt -pb design_1_lowlevel_dac_intfc_0_0_utilization_synth.pb
INFO: [Common 17-206] Exiting Vivado at Wed Jul 31 18:35:56 2024...
